<?xml version="1.0" encoding="UTF-8"?>
<testsuites name="jest tests" tests="2" failures="0" time="1.509">
  <testsuite name="undefined" errors="0" failures="0" skipped="0" timestamp="2020-02-13T16:19:42" time="1.461" tests="2">
    <testcase classname=" Executes in sequence" name=" Executes in sequence" time="0.618">
    </testcase>
    <testcase classname=" Doesnt execute in sequence" name=" Doesnt execute in sequence" time="0.304">
    </testcase>
  </testsuite>
</testsuites>