<?xml version="1.0" encoding="UTF-8"?>
<testsuites name="jest tests" tests="7" failures="7" time="2.396">
  <testsuite name="undefined" errors="0" failures="1" skipped="0" timestamp="2020-02-14T17:05:41" time="1.169" tests="1">
    <testcase classname=" Simple add 1 user" name=" Simple add 1 user" time="0.097">
      <failure>error: function register(unknown, unknown, unknown) does not exist
    at Connection.parseE (/Users/theo/Code/guided/tools/database/node_modules/pg/lib/connection.js:614:13)
    at Connection.parseMessage (/Users/theo/Code/guided/tools/database/node_modules/pg/lib/connection.js:413:19)
    at Socket.&lt;anonymous&gt; (/Users/theo/Code/guided/tools/database/node_modules/pg/lib/connection.js:129:22)
    at Socket.emit (events.js:223:5)
    at addChunk (_stream_readable.js:309:12)
    at readableAddChunk (_stream_readable.js:290:11)
    at Socket.Readable.push (_stream_readable.js:224:10)
    at TCP.onStreamRead (internal/stream_base_commons.js:181:23)</failure>
      <failure>Error: expect(received).toBe(expected) // Object.is equality

Expected: 1
Received: 0
    at Object.&lt;anonymous&gt; (/Users/theo/Code/guided/backend/spinup/src/example/example.test.ts:10:30)
    at processTicksAndRejections (internal/process/task_queues.js:94:5)</failure>
    </testcase>
  </testsuite>
  <testsuite name="Create tables" errors="0" failures="1" skipped="0" timestamp="2020-02-14T17:05:41" time="1.185" tests="1">
    <testcase classname="Create tables Creates users" name="Create tables Creates users" time="0.001">
      <failure>Error: expect(received).toBe(expected) // Object.is equality

Expected: &quot;0&quot;
Received: &quot;5&quot;
    at Object.dropTables (/Users/theo/Code/guided/backend/spinup/src/tests.ts:41:23)
    at processTicksAndRejections (internal/process/task_queues.js:94:5)
    at Object.&lt;anonymous&gt; (/Users/theo/Code/guided/backend/spinup/src/create/create.test.ts:5:3)</failure>
    </testcase>
  </testsuite>
  <testsuite name="Truncate " errors="0" failures="1" skipped="0" timestamp="2020-02-14T17:05:41" time="1.28" tests="1">
    <testcase classname="Truncate  removes all users" name="Truncate  removes all users" time="0.024">
      <failure>error: relation &quot;rides&quot; does not exist
    at Connection.parseE (/Users/theo/Code/guided/tools/database/node_modules/pg/lib/connection.js:614:13)
    at Connection.parseMessage (/Users/theo/Code/guided/tools/database/node_modules/pg/lib/connection.js:413:19)
    at Socket.&lt;anonymous&gt; (/Users/theo/Code/guided/tools/database/node_modules/pg/lib/connection.js:129:22)
    at Socket.emit (events.js:223:5)
    at addChunk (_stream_readable.js:309:12)
    at readableAddChunk (_stream_readable.js:290:11)
    at Socket.Readable.push (_stream_readable.js:224:10)
    at TCP.onStreamRead (internal/stream_base_commons.js:181:23)</failure>
    </testcase>
  </testsuite>
  <testsuite name="Drop individually" errors="0" failures="4" skipped="0" timestamp="2020-02-14T17:05:41" time="1.38" tests="4">
    <testcase classname="Drop individually Drop functions" name="Drop individually Drop functions" time="0.007">
      <failure>Error: expect(received).toBe(expected) // Object.is equality

Expected: &quot;0&quot;
Received: &quot;5&quot;
    at Object.dropTables (/Users/theo/Code/guided/backend/spinup/src/tests.ts:41:23)
    at processTicksAndRejections (internal/process/task_queues.js:94:5)</failure>
    </testcase>
    <testcase classname="Drop individually Drop tables" name="Drop individually Drop tables" time="0.145">
      <failure>Error: expect(received).toBe(expected) // Object.is equality

Expected: &quot;0&quot;
Received: &quot;5&quot;
    at Object.dropTables (/Users/theo/Code/guided/backend/spinup/src/tests.ts:41:23)
    at processTicksAndRejections (internal/process/task_queues.js:94:5)</failure>
    </testcase>
    <testcase classname="Drop individually Drop roles" name="Drop individually Drop roles" time="0.002">
      <failure>Error: expect(received).toBe(expected) // Object.is equality

Expected: &quot;0&quot;
Received: &quot;5&quot;
    at Object.dropTables (/Users/theo/Code/guided/backend/spinup/src/tests.ts:41:23)
    at processTicksAndRejections (internal/process/task_queues.js:94:5)</failure>
    </testcase>
    <testcase classname="Drop individually Drop rest" name="Drop individually Drop rest" time="0.003">
      <failure>Error: expect(received).toBe(expected) // Object.is equality

Expected: &quot;0&quot;
Received: &quot;5&quot;
    at Object.dropTables (/Users/theo/Code/guided/backend/spinup/src/tests.ts:41:23)
    at processTicksAndRejections (internal/process/task_queues.js:94:5)</failure>
    </testcase>
  </testsuite>
</testsuites>