<?xml version="1.0" encoding="UTF-8"?>
<testsuites name="jest tests" tests="2" failures="2" time="1.432">
  <testsuite name="undefined" errors="0" failures="1" skipped="0" timestamp="2020-02-13T23:56:08" time="0.91" tests="1">
    <testcase classname=" Executes in sequence" name=" Executes in sequence" time="0.005">
      <failure>Error: expect(received).toMatchObject(expected)

Matcher error: received value must be a non-null object

Received has type:  boolean
Received has value: true
    at Object.&lt;anonymous&gt; (/Users/theo/Code/guided/backend/spinup/src/sequence.test.ts:5:16)
    at processTicksAndRejections (internal/process/task_queues.js:94:5)</failure>
    </testcase>
  </testsuite>
  <testsuite name="undefined" errors="0" failures="1" skipped="0" timestamp="2020-02-13T23:56:08" time="0.926" tests="1">
    <testcase classname=" Executes in sequence" name=" Executes in sequence" time="0.005">
      <failure>Error: expect(received).toMatchObject(expected)

Matcher error: received value must be a non-null object

Received has type:  boolean
Received has value: true
    at Object.&lt;anonymous&gt; (/Users/theo/Code/guided/backend/spinup/src/truncate/test.ts:5:16)
    at processTicksAndRejections (internal/process/task_queues.js:94:5)</failure>
    </testcase>
  </testsuite>
</testsuites>